[2022-09-10 16:38:20] local.ERROR: SQLSTATE[42S02]: Base table or view not found: 1146 Table 'upos.system' doesn't exist (SQL: select `value`, `key` from `system` where `key` in (additional_js, additional_css)) (View: /Users/mohanvelegacherla/projects/custom/laravel/upos/UltimatePOS-CodeBase-V4.7.8/resources/views/welcome.blade.php) {"exception":"[object] (ErrorException(code: 0): SQLSTATE[42S02]: Base table or view not found: 1146 Table 'upos.system' doesn't exist (SQL: select `value`, `key` from `system` where `key` in (additional_js, additional_css)) (View: /Users/mohanvelegacherla/projects/custom/laravel/upos/UltimatePOS-CodeBase-V4.7.8/resources/views/welcome.blade.php) at /Users/mohanvelegacherla/projects/custom/laravel/upos/UltimatePOS-CodeBase-V4.7.8/vendor/laravel/framework/src/Illuminate/Database/Connection.php:664, Illuminate\\Database\\QueryException(code: 42S02): SQLSTATE[42S02]: Base table or view not found: 1146 Table 'upos.system' doesn't exist (SQL: select `value`, `key` from `system` where `key` in (additional_js, additional_css)) at /Users/mohanvelegacherla/projects/custom/laravel/upos/UltimatePOS-CodeBase-V4.7.8/vendor/laravel/framework/src/Illuminate/Database/Connection.php:664, PDOException(code: 42S02): SQLSTATE[42S02]: Base table or view not found: 1146 Table 'upos.system' doesn't exist at /Users/mohanvelegacherla/projects/custom/laravel/upos/UltimatePOS-CodeBase-V4.7.8/vendor/laravel/framework/src/Illuminate/Database/Connection.php:326)
[stacktrace]
#0 /Users/mohanvelegacherla/projects/custom/laravel/upos/UltimatePOS-CodeBase-V4.7.8/vendor/laravel/framework/src/Illuminate/View/Engines/PhpEngine.php(45): Illuminate\\View\\Engines\\CompilerEngine->handleViewException(Object(Illuminate\\Database\\QueryException), 1)
#1 /Users/mohanvelegacherla/projects/custom/laravel/upos/UltimatePOS-CodeBase-V4.7.8/vendor/laravel/framework/src/Illuminate/View/Engines/CompilerEngine.php(59): Illuminate\\View\\Engines\\PhpEngine->evaluatePath('/Users/mohanvel...', Array)
#2 /Users/mohanvelegacherla/projects/custom/laravel/upos/UltimatePOS-CodeBase-V4.7.8/vendor/laravel/framework/src/Illuminate/View/View.php(142): Illuminate\\View\\Engines\\CompilerEngine->get('/Users/mohanvel...', Array)
#3 /Users/mohanvelegacherla/projects/custom/laravel/upos/UltimatePOS-CodeBase-V4.7.8/vendor/laravel/framework/src/Illuminate/View/View.php(125): Illuminate\\View\\View->getContents()
#4 /Users/mohanvelegacherla/projects/custom/laravel/upos/UltimatePOS-CodeBase-V4.7.8/vendor/laravel/framework/src/Illuminate/View/View.php(90): Illuminate\\View\\View->renderContents()
#5 /Users/mohanvelegacherla/projects/custom/laravel/upos/UltimatePOS-CodeBase-V4.7.8/vendor/laravel/framework/src/Illuminate/Http/Response.php(42): Illuminate\\View\\View->render()
#6 /Users/mohanvelegacherla/projects/custom/laravel/upos/UltimatePOS-CodeBase-V4.7.8/vendor/symfony/http-foundation/Response.php(205): Illuminate\\Http\\Response->setContent(Object(Illuminate\\View\\View))
#7 /Users/mohanvelegacherla/projects/custom/laravel/upos/UltimatePOS-CodeBase-V4.7.8/vendor/laravel/framework/src/Illuminate/Routing/Router.php(748): Symfony\\Component\\HttpFoundation\\Response->__construct(Object(Illuminate\\View\\View))
#8 /Users/mohanvelegacherla/projects/custom/laravel/upos/UltimatePOS-CodeBase-V4.7.8/vendor/laravel/framework/src/Illuminate/Routing/Router.php(720): Illuminate\\Routing\\Router::toResponse(Object(Illuminate\\Http\\Request), Object(Illuminate\\View\\View))
#9 /Users/mohanvelegacherla/projects/custom/laravel/upos/UltimatePOS-CodeBase-V4.7.8/vendor/laravel/framework/src/Illuminate/Routing/Router.php(680): Illuminate\\Routing\\Router->prepareResponse(Object(Illuminate\\Http\\Request), Object(Illuminate\\View\\View))
#10 /Users/mohanvelegacherla/projects/custom/laravel/upos/UltimatePOS-CodeBase-V4.7.8/vendor/laravel/framework/src/Illuminate/Routing/Pipeline.php(30): Illuminate\\Routing\\Router->Illuminate\\Routing\\{closure}(Object(Illuminate\\Http\\Request))
#11 /Users/mohanvelegacherla/projects/custom/laravel/upos/UltimatePOS-CodeBase-V4.7.8/app/Http/Middleware/IsInstalled.php(51): Illuminate\\Routing\\Pipeline->Illuminate\\Routing\\{closure}(Object(Illuminate\\Http\\Request))
#12 /Users/mohanvelegacherla/projects/custom/laravel/upos/UltimatePOS-CodeBase-V4.7.8/vendor/laravel/framework/src/Illuminate/Pipeline/Pipeline.php(163): App\\Http\\Middleware\\IsInstalled->handle(Object(Illuminate\\Http\\Request), Object(Closure))
#13 /Users/mohanvelegacherla/projects/custom/laravel/upos/UltimatePOS-CodeBase-V4.7.8/vendor/laravel/framework/src/Illuminate/Routing/Pipeline.php(53): Illuminate\\Pipeline\\Pipeline->Illuminate\\Pipeline\\{closure}(Object(Illuminate\\Http\\Request))
#14 /Users/mohanvelegacherla/projects/custom/laravel/upos/UltimatePOS-CodeBase-V4.7.8/vendor/laravel/framework/src/Illuminate/Routing/Middleware/SubstituteBindings.php(41): Illuminate\\Routing\\Pipeline->Illuminate\\Routing\\{closure}(Object(Illuminate\\Http\\Request))
#15 /Users/mohanvelegacherla/projects/custom/laravel/upos/UltimatePOS-CodeBase-V4.7.8/vendor/laravel/framework/src/Illuminate/Pipeline/Pipeline.php(163): Illuminate\\Routing\\Middleware\\SubstituteBindings->handle(Object(Illuminate\\Http\\Request), Object(Closure))
#16 /Users/mohanvelegacherla/projects/custom/laravel/upos/UltimatePOS-CodeBase-V4.7.8/vendor/laravel/framework/src/Illuminate/Routing/Pipeline.php(53): Illuminate\\Pipeline\\Pipeline->Illuminate\\Pipeline\\{closure}(Object(Illuminate\\Http\\Request))
#17 /Users/mohanvelegacherla/projects/custom/laravel/upos/UltimatePOS-CodeBase-V4.7.8/vendor/laravel/framework/src/Illuminate/Foundation/Http/Middleware/VerifyCsrfToken.php(75): Illuminate\\Routing\\Pipeline->Illuminate\\Routing\\{closure}(Object(Illuminate\\Http\\Request))
#18 /Users/mohanvelegacherla/projects/custom/laravel/upos/UltimatePOS-CodeBase-V4.7.8/vendor/laravel/framework/src/Illuminate/Pipeline/Pipeline.php(163): Illuminate\\Foundation\\Http\\Middleware\\VerifyCsrfToken->handle(Object(Illuminate\\Http\\Request), Object(Closure))
#19 /Users/mohanvelegacherla/projects/custom/laravel/upos/UltimatePOS-CodeBase-V4.7.8/vendor/laravel/framework/src/Illuminate/Routing/Pipeline.php(53): Illuminate\\Pipeline\\Pipeline->Illuminate\\Pipeline\\{closure}(Object(Illuminate\\Http\\Request))
#20 /Users/mohanvelegacherla/projects/custom/laravel/upos/UltimatePOS-CodeBase-V4.7.8/vendor/laravel/framework/src/Illuminate/View/Middleware/ShareErrorsFromSession.php(49): Illuminate\\Routing\\Pipeline->Illuminate\\Routing\\{closure}(Object(Illuminate\\Http\\Request))
#21 /Users/mohanvelegacherla/projects/custom/laravel/upos/UltimatePOS-CodeBase-V4.7.8/vendor/laravel/framework/src/Illuminate/Pipeline/Pipeline.php(163): Illuminate\\View\\Middleware\\ShareErrorsFromSession->handle(Object(Illuminate\\Http\\Request), Object(Closure))
#22 /Users/mohanvelegacherla/projects/custom/laravel/upos/UltimatePOS-CodeBase-V4.7.8/vendor/laravel/framework/src/Illuminate/Routing/Pipeline.php(53): Illuminate\\Pipeline\\Pipeline->Illuminate\\Pipeline\\{closure}(Object(Illuminate\\Http\\Request))
#23 /Users/mohanvelegacherla/projects/custom/laravel/upos/UltimatePOS-CodeBase-V4.7.8/vendor/laravel/framework/src/Illuminate/Session/Middleware/StartSession.php(56): Illuminate\\Routing\\Pipeline->Illuminate\\Routing\\{closure}(Object(Illuminate\\Http\\Request))
#24 /Users/mohanvelegacherla/projects/custom/laravel/upos/UltimatePOS-CodeBase-V4.7.8/vendor/laravel/framework/src/Illuminate/Pipeline/Pipeline.php(163): Illuminate\\Session\\Middleware\\StartSession->handle(Object(Illuminate\\Http\\Request), Object(Closure))
#25 /Users/mohanvelegacherla/projects/custom/laravel/upos/UltimatePOS-CodeBase-V4.7.8/vendor/laravel/framework/src/Illuminate/Routing/Pipeline.php(53): Illuminate\\Pipeline\\Pipeline->Illuminate\\Pipeline\\{closure}(Object(Illuminate\\Http\\Request))
#26 /Users/mohanvelegacherla/projects/custom/laravel/upos/UltimatePOS-CodeBase-V4.7.8/vendor/laravel/framework/src/Illuminate/Cookie/Middleware/AddQueuedCookiesToResponse.php(37): Illuminate\\Routing\\Pipeline->Illuminate\\Routing\\{closure}(Object(Illuminate\\Http\\Request))
#27 /Users/mohanvelegacherla/projects/custom/laravel/upos/UltimatePOS-CodeBase-V4.7.8/vendor/laravel/framework/src/Illuminate/Pipeline/Pipeline.php(163): Illuminate\\Cookie\\Middleware\\AddQueuedCookiesToResponse->handle(Object(Illuminate\\Http\\Request), Object(Closure))
#28 /Users/mohanvelegacherla/projects/custom/laravel/upos/UltimatePOS-CodeBase-V4.7.8/vendor/laravel/framework/src/Illuminate/Routing/Pipeline.php(53): Illuminate\\Pipeline\\Pipeline->Illuminate\\Pipeline\\{closure}(Object(Illuminate\\Http\\Request))
#29 /Users/mohanvelegacherla/projects/custom/laravel/upos/UltimatePOS-CodeBase-V4.7.8/vendor/laravel/framework/src/Illuminate/Cookie/Middleware/EncryptCookies.php(66): Illuminate\\Routing\\Pipeline->Illuminate\\Routing\\{closure}(Object(Illuminate\\Http\\Request))
#30 /Users/mohanvelegacherla/projects/custom/laravel/upos/UltimatePOS-CodeBase-V4.7.8/vendor/laravel/framework/src/Illuminate/Pipeline/Pipeline.php(163): Illuminate\\Cookie\\Middleware\\EncryptCookies->handle(Object(Illuminate\\Http\\Request), Object(Closure))
#31 /Users/mohanvelegacherla/projects/custom/laravel/upos/UltimatePOS-CodeBase-V4.7.8/vendor/laravel/framework/src/Illuminate/Routing/Pipeline.php(53): Illuminate\\Pipeline\\Pipeline->Illuminate\\Pipeline\\{closure}(Object(Illuminate\\Http\\Request))
#32 /Users/mohanvelegacherla/projects/custom/laravel/upos/UltimatePOS-CodeBase-V4.7.8/vendor/laravel/framework/src/Illuminate/Pipeline/Pipeline.php(104): Illuminate\\Routing\\Pipeline->Illuminate\\Routing\\{closure}(Object(Illuminate\\Http\\Request))
#33 /Users/mohanvelegacherla/projects/custom/laravel/upos/UltimatePOS-CodeBase-V4.7.8/vendor/laravel/framework/src/Illuminate/Routing/Router.php(682): Illuminate\\Pipeline\\Pipeline->then(Object(Closure))
#34 /Users/mohanvelegacherla/projects/custom/laravel/upos/UltimatePOS-CodeBase-V4.7.8/vendor/laravel/framework/src/Illuminate/Routing/Router.php(657): Illuminate\\Routing\\Router->runRouteWithinStack(Object(Illuminate\\Routing\\Route), Object(Illuminate\\Http\\Request))
#35 /Users/mohanvelegacherla/projects/custom/laravel/upos/UltimatePOS-CodeBase-V4.7.8/vendor/laravel/framework/src/Illuminate/Routing/Router.php(623): Illuminate\\Routing\\Router->runRoute(Object(Illuminate\\Http\\Request), Object(Illuminate\\Routing\\Route))
#36 /Users/mohanvelegacherla/projects/custom/laravel/upos/UltimatePOS-CodeBase-V4.7.8/vendor/laravel/framework/src/Illuminate/Routing/Router.php(612): Illuminate\\Routing\\Router->dispatchToRoute(Object(Illuminate\\Http\\Request))
#37 /Users/mohanvelegacherla/projects/custom/laravel/upos/UltimatePOS-CodeBase-V4.7.8/vendor/laravel/framework/src/Illuminate/Foundation/Http/Kernel.php(176): Illuminate\\Routing\\Router->dispatch(Object(Illuminate\\Http\\Request))
#38 /Users/mohanvelegacherla/projects/custom/laravel/upos/UltimatePOS-CodeBase-V4.7.8/vendor/laravel/framework/src/Illuminate/Routing/Pipeline.php(30): Illuminate\\Foundation\\Http\\Kernel->Illuminate\\Foundation\\Http\\{closure}(Object(Illuminate\\Http\\Request))
#39 /Users/mohanvelegacherla/projects/custom/laravel/upos/UltimatePOS-CodeBase-V4.7.8/vendor/barryvdh/laravel-debugbar/src/Middleware/InjectDebugbar.php(58): Illuminate\\Routing\\Pipeline->Illuminate\\Routing\\{closure}(Object(Illuminate\\Http\\Request))
#40 /Users/mohanvelegacherla/projects/custom/laravel/upos/UltimatePOS-CodeBase-V4.7.8/vendor/laravel/framework/src/Illuminate/Pipeline/Pipeline.php(163): Barryvdh\\Debugbar\\Middleware\\InjectDebugbar->handle(Object(Illuminate\\Http\\Request), Object(Closure))
#41 /Users/mohanvelegacherla/projects/custom/laravel/upos/UltimatePOS-CodeBase-V4.7.8/vendor/laravel/framework/src/Illuminate/Routing/Pipeline.php(53): Illuminate\\Pipeline\\Pipeline->Illuminate\\Pipeline\\{closure}(Object(Illuminate\\Http\\Request))
#42 /Users/mohanvelegacherla/projects/custom/laravel/upos/UltimatePOS-CodeBase-V4.7.8/vendor/fideloper/proxy/src/TrustProxies.php(57): Illuminate\\Routing\\Pipeline->Illuminate\\Routing\\{closure}(Object(Illuminate\\Http\\Request))
#43 /Users/mohanvelegacherla/projects/custom/laravel/upos/UltimatePOS-CodeBase-V4.7.8/vendor/laravel/framework/src/Illuminate/Pipeline/Pipeline.php(163): Fideloper\\Proxy\\TrustProxies->handle(Object(Illuminate\\Http\\Request), Object(Closure))
#44 /Users/mohanvelegacherla/projects/custom/laravel/upos/UltimatePOS-CodeBase-V4.7.8/vendor/laravel/framework/src/Illuminate/Routing/Pipeline.php(53): Illuminate\\Pipeline\\Pipeline->Illuminate\\Pipeline\\{closure}(Object(Illuminate\\Http\\Request))
#45 /Users/mohanvelegacherla/projects/custom/laravel/upos/UltimatePOS-CodeBase-V4.7.8/vendor/laravel/framework/src/Illuminate/Foundation/Http/Middleware/TransformsRequest.php(21): Illuminate\\Routing\\Pipeline->Illuminate\\Routing\\{closure}(Object(Illuminate\\Http\\Request))
#46 /Users/mohanvelegacherla/projects/custom/laravel/upos/UltimatePOS-CodeBase-V4.7.8/vendor/laravel/framework/src/Illuminate/Pipeline/Pipeline.php(163): Illuminate\\Foundation\\Http\\Middleware\\TransformsRequest->handle(Object(Illuminate\\Http\\Request), Object(Closure))
#47 /Users/mohanvelegacherla/projects/custom/laravel/upos/UltimatePOS-CodeBase-V4.7.8/vendor/laravel/framework/src/Illuminate/Routing/Pipeline.php(53): Illuminate\\Pipeline\\Pipeline->Illuminate\\Pipeline\\{closure}(Object(Illuminate\\Http\\Request))
#48 /Users/mohanvelegacherla/projects/custom/laravel/upos/UltimatePOS-CodeBase-V4.7.8/vendor/laravel/framework/src/Illuminate/Foundation/Http/Middleware/TransformsRequest.php(21): Illuminate\\Routing\\Pipeline->Illuminate\\Routing\\{closure}(Object(Illuminate\\Http\\Request))
#49 /Users/mohanvelegacherla/projects/custom/laravel/upos/UltimatePOS-CodeBase-V4.7.8/vendor/laravel/framework/src/Illuminate/Pipeline/Pipeline.php(163): Illuminate\\Foundation\\Http\\Middleware\\TransformsRequest->handle(Object(Illuminate\\Http\\Request), Object(Closure))
#50 /Users/mohanvelegacherla/projects/custom/laravel/upos/UltimatePOS-CodeBase-V4.7.8/vendor/laravel/framework/src/Illuminate/Routing/Pipeline.php(53): Illuminate\\Pipeline\\Pipeline->Illuminate\\Pipeline\\{closure}(Object(Illuminate\\Http\\Request))
#51 /Users/mohanvelegacherla/projects/custom/laravel/upos/UltimatePOS-CodeBase-V4.7.8/vendor/laravel/framework/src/Illuminate/Foundation/Http/Middleware/ValidatePostSize.php(27): Illuminate\\Routing\\Pipeline->Illuminate\\Routing\\{closure}(Object(Illuminate\\Http\\Request))
#52 /Users/mohanvelegacherla/projects/custom/laravel/upos/UltimatePOS-CodeBase-V4.7.8/vendor/laravel/framework/src/Illuminate/Pipeline/Pipeline.php(163): Illuminate\\Foundation\\Http\\Middleware\\ValidatePostSize->handle(Object(Illuminate\\Http\\Request), Object(Closure))
#53 /Users/mohanvelegacherla/projects/custom/laravel/upos/UltimatePOS-CodeBase-V4.7.8/vendor/laravel/framework/src/Illuminate/Routing/Pipeline.php(53): Illuminate\\Pipeline\\Pipeline->Illuminate\\Pipeline\\{closure}(Object(Illuminate\\Http\\Request))
#54 /Users/mohanvelegacherla/projects/custom/laravel/upos/UltimatePOS-CodeBase-V4.7.8/vendor/laravel/framework/src/Illuminate/Foundation/Http/Middleware/CheckForMaintenanceMode.php(62): Illuminate\\Routing\\Pipeline->Illuminate\\Routing\\{closure}(Object(Illuminate\\Http\\Request))
#55 /Users/mohanvelegacherla/projects/custom/laravel/upos/UltimatePOS-CodeBase-V4.7.8/vendor/laravel/framework/src/Illuminate/Pipeline/Pipeline.php(163): Illuminate\\Foundation\\Http\\Middleware\\CheckForMaintenanceMode->handle(Object(Illuminate\\Http\\Request), Object(Closure))
#56 /Users/mohanvelegacherla/projects/custom/laravel/upos/UltimatePOS-CodeBase-V4.7.8/vendor/laravel/framework/src/Illuminate/Routing/Pipeline.php(53): Illuminate\\Pipeline\\Pipeline->Illuminate\\Pipeline\\{closure}(Object(Illuminate\\Http\\Request))
#57 /Users/mohanvelegacherla/projects/custom/laravel/upos/UltimatePOS-CodeBase-V4.7.8/vendor/laravel/framework/src/Illuminate/Pipeline/Pipeline.php(104): Illuminate\\Routing\\Pipeline->Illuminate\\Routing\\{closure}(Object(Illuminate\\Http\\Request))
#58 /Users/mohanvelegacherla/projects/custom/laravel/upos/UltimatePOS-CodeBase-V4.7.8/vendor/laravel/framework/src/Illuminate/Foundation/Http/Kernel.php(151): Illuminate\\Pipeline\\Pipeline->then(Object(Closure))
#59 /Users/mohanvelegacherla/projects/custom/laravel/upos/UltimatePOS-CodeBase-V4.7.8/vendor/laravel/framework/src/Illuminate/Foundation/Http/Kernel.php(116): Illuminate\\Foundation\\Http\\Kernel->sendRequestThroughRouter(Object(Illuminate\\Http\\Request))
#60 /Users/mohanvelegacherla/projects/custom/laravel/upos/UltimatePOS-CodeBase-V4.7.8/public/index.php(53): Illuminate\\Foundation\\Http\\Kernel->handle(Object(Illuminate\\Http\\Request))
#61 /Users/mohanvelegacherla/projects/custom/laravel/upos/UltimatePOS-CodeBase-V4.7.8/server.php(21): require_once('/Users/mohanvel...')
#62 {main}
"} 
